[ 2015-09-10T10:56:10+08:00 ] 0.0.0.0 /
INFO: [ app_begin ] --START--
INFO: ReadHtmlCache Behavior ::run [ RunTime:0.000768s ]
INFO: [ app_begin ] --END-- [ RunTime:0.000979s ]
SQL: SHOW COLUMNS FROM `think_data` [ RunTime:0.018227s ]
SQL: SELECT * FROM `think_data`  [ RunTime:0.000304s ]
INFO: [ view_parse ] --START--
INFO: ParseTemplate Behavior ::run [ RunTime:0.094194s ]
INFO: [ view_parse ] --END-- [ RunTime:0.094269s ]
INFO: [ view_filter ] --START--
INFO: ContentReplace Behavior ::run [ RunTime:0.006250s ]
INFO: TokenBuild Behavior ::run [ RunTime:0.001429s ]
INFO: WriteHtmlCache Behavior ::run [ RunTime:0.000558s ]
INFO: ShowRuntime Behavior ::run [ RunTime:0.000687s ]
INFO: [ view_filter ] --END-- [ RunTime:0.009138s ]
INFO: [ view_end ] --START--
INFO: ShowPageTrace Behavior ::run [ RunTime:0.000771s ]
INFO: [ view_end ] --END-- [ RunTime:0.000844s ]

[ 2015-09-10T10:56:50+08:00 ] 0.0.0.0 /robort/callme
INFO: [ route_check ] --START--
INFO: CheckRoute Behavior ::run [ RunTime:0.029379s ]
INFO: [ route_check ] --END-- [ RunTime:0.029481s ]
INFO: [ app_begin ] --START--
INFO: ReadHtmlCache Behavior ::run [ RunTime:0.000383s ]
INFO: [ app_begin ] --END-- [ RunTime:0.000432s ]
SQL: SHOW COLUMNS FROM `think_form` [ RunTime:0.001610s ]
SQL: SELECT `title` FROM `think_form` WHERE ( id=1 ) LIMIT 1   [ RunTime:0.000398s ]

[ 2015-09-10T10:57:10+08:00 ] 0.0.0.0 /robort/callme
INFO: [ route_check ] --START--
INFO: CheckRoute Behavior ::run [ RunTime:0.000760s ]
INFO: [ route_check ] --END-- [ RunTime:0.000845s ]
INFO: [ app_begin ] --START--
INFO: ReadHtmlCache Behavior ::run [ RunTime:0.000393s ]
INFO: [ app_begin ] --END-- [ RunTime:0.000440s ]
SQL: SHOW COLUMNS FROM `think_form` [ RunTime:0.010184s ]
SQL: SELECT * FROM `think_form` WHERE ( id=1 )  [ RunTime:0.000821s ]

[ 2015-09-10T10:57:11+08:00 ] 0.0.0.0 /robort/callme
INFO: [ route_check ] --START--
INFO: CheckRoute Behavior ::run [ RunTime:0.000353s ]
INFO: [ route_check ] --END-- [ RunTime:0.000413s ]
INFO: [ app_begin ] --START--
INFO: ReadHtmlCache Behavior ::run [ RunTime:0.000225s ]
INFO: [ app_begin ] --END-- [ RunTime:0.000256s ]
SQL: SHOW COLUMNS FROM `think_form` [ RunTime:0.048406s ]
SQL: SELECT * FROM `think_form` WHERE ( id=1 )  [ RunTime:0.000282s ]

[ 2015-09-10T10:57:40+08:00 ] 0.0.0.0 /robort/callme
INFO: [ route_check ] --START--
INFO: CheckRoute Behavior ::run [ RunTime:0.000381s ]
INFO: [ route_check ] --END-- [ RunTime:0.000431s ]
INFO: [ app_begin ] --START--
INFO: ReadHtmlCache Behavior ::run [ RunTime:0.000248s ]
INFO: [ app_begin ] --END-- [ RunTime:0.000282s ]
SQL: SHOW COLUMNS FROM `think_form` [ RunTime:0.003728s ]
SQL: SELECT * FROM `think_form` WHERE ( id=1 )  [ RunTime:0.000436s ]
NOTIC: [8] Array to string conversion /Users/wt/NetBeansProjects/webapp/WebApp/Lib/Action/robortAction.class.php 第 6 行.

[ 2015-09-10T10:57:42+08:00 ] 0.0.0.0 /robort/callme
INFO: [ route_check ] --START--
INFO: CheckRoute Behavior ::run [ RunTime:0.000408s ]
INFO: [ route_check ] --END-- [ RunTime:0.000460s ]
INFO: [ app_begin ] --START--
INFO: ReadHtmlCache Behavior ::run [ RunTime:0.000227s ]
INFO: [ app_begin ] --END-- [ RunTime:0.000258s ]
SQL: SHOW COLUMNS FROM `think_form` [ RunTime:0.005886s ]
SQL: SELECT * FROM `think_form` WHERE ( id=1 )  [ RunTime:0.000323s ]
NOTIC: [8] Array to string conversion /Users/wt/NetBeansProjects/webapp/WebApp/Lib/Action/robortAction.class.php 第 6 行.

[ 2015-09-10T10:57:57+08:00 ] 0.0.0.0 /robort/callme
INFO: [ route_check ] --START--
INFO: CheckRoute Behavior ::run [ RunTime:0.000382s ]
INFO: [ route_check ] --END-- [ RunTime:0.000436s ]
INFO: [ app_begin ] --START--
INFO: ReadHtmlCache Behavior ::run [ RunTime:0.000248s ]
INFO: [ app_begin ] --END-- [ RunTime:0.000282s ]
SQL: SHOW COLUMNS FROM `think_form` [ RunTime:0.005666s ]
SQL: SELECT * FROM `think_form` WHERE ( id=1 )  [ RunTime:0.000283s ]
NOTIC: [8] Array to string conversion /Users/wt/NetBeansProjects/webapp/WebApp/Lib/Action/robortAction.class.php 第 6 行.
ERR: 模板不存在[./WebApp/Tpl/robort/callme.html]

[ 2015-09-10T10:57:59+08:00 ] 0.0.0.0 /robort/callme
INFO: [ route_check ] --START--
INFO: CheckRoute Behavior ::run [ RunTime:0.000379s ]
INFO: [ route_check ] --END-- [ RunTime:0.000432s ]
INFO: [ app_begin ] --START--
INFO: ReadHtmlCache Behavior ::run [ RunTime:0.000249s ]
INFO: [ app_begin ] --END-- [ RunTime:0.000283s ]
SQL: SHOW COLUMNS FROM `think_form` [ RunTime:0.005878s ]
SQL: SELECT * FROM `think_form` WHERE ( id=1 )  [ RunTime:0.000281s ]
NOTIC: [8] Array to string conversion /Users/wt/NetBeansProjects/webapp/WebApp/Lib/Action/robortAction.class.php 第 6 行.
ERR: 模板不存在[./WebApp/Tpl/robort/callme.html]

[ 2015-09-10T10:58:39+08:00 ] 0.0.0.0 /robort/callme
INFO: [ route_check ] --START--
INFO: CheckRoute Behavior ::run [ RunTime:0.000382s ]
INFO: [ route_check ] --END-- [ RunTime:0.000435s ]
INFO: [ app_begin ] --START--
INFO: ReadHtmlCache Behavior ::run [ RunTime:0.000266s ]
INFO: [ app_begin ] --END-- [ RunTime:0.000304s ]
SQL: SHOW COLUMNS FROM `think_form` [ RunTime:0.005634s ]
SQL: SELECT * FROM `think_form` WHERE ( id=1 )  [ RunTime:0.000326s ]
NOTIC: [8] Array to string conversion /Users/wt/NetBeansProjects/webapp/WebApp/Lib/Action/robortAction.class.php 第 6 行.

[ 2015-09-10T10:58:40+08:00 ] 0.0.0.0 /robort/callme
INFO: [ route_check ] --START--
INFO: CheckRoute Behavior ::run [ RunTime:0.000381s ]
INFO: [ route_check ] --END-- [ RunTime:0.000433s ]
INFO: [ app_begin ] --START--
INFO: ReadHtmlCache Behavior ::run [ RunTime:0.000247s ]
INFO: [ app_begin ] --END-- [ RunTime:0.000282s ]
SQL: SHOW COLUMNS FROM `think_form` [ RunTime:0.005899s ]
SQL: SELECT * FROM `think_form` WHERE ( id=1 )  [ RunTime:0.000283s ]
NOTIC: [8] Array to string conversion /Users/wt/NetBeansProjects/webapp/WebApp/Lib/Action/robortAction.class.php 第 6 行.

[ 2015-09-10T10:58:41+08:00 ] 0.0.0.0 /robort/callme
INFO: [ route_check ] --START--
INFO: CheckRoute Behavior ::run [ RunTime:0.000379s ]
INFO: [ route_check ] --END-- [ RunTime:0.000429s ]
INFO: [ app_begin ] --START--
INFO: ReadHtmlCache Behavior ::run [ RunTime:0.000248s ]
INFO: [ app_begin ] --END-- [ RunTime:0.000282s ]
SQL: SHOW COLUMNS FROM `think_form` [ RunTime:0.005544s ]
SQL: SELECT * FROM `think_form` WHERE ( id=1 )  [ RunTime:0.000323s ]
NOTIC: [8] Array to string conversion /Users/wt/NetBeansProjects/webapp/WebApp/Lib/Action/robortAction.class.php 第 6 行.

[ 2015-09-10T10:58:51+08:00 ] 0.0.0.0 /robort/callme
INFO: [ route_check ] --START--
INFO: CheckRoute Behavior ::run [ RunTime:0.000350s ]
INFO: [ route_check ] --END-- [ RunTime:0.000396s ]
INFO: [ app_begin ] --START--
INFO: ReadHtmlCache Behavior ::run [ RunTime:0.000271s ]
INFO: [ app_begin ] --END-- [ RunTime:0.000303s ]
SQL: SHOW COLUMNS FROM `think_form` [ RunTime:0.005800s ]
SQL: SELECT * FROM `think_form` WHERE ( id=1 )  [ RunTime:0.000338s ]
NOTIC: [8] Array to string conversion /Users/wt/NetBeansProjects/webapp/WebApp/Lib/Action/robortAction.class.php 第 6 行.

[ 2015-09-10T10:59:19+08:00 ] 0.0.0.0 /robort/callme
INFO: [ route_check ] --START--
INFO: CheckRoute Behavior ::run [ RunTime:0.000410s ]
INFO: [ route_check ] --END-- [ RunTime:0.000473s ]
INFO: [ app_begin ] --START--
INFO: ReadHtmlCache Behavior ::run [ RunTime:0.000367s ]
INFO: [ app_begin ] --END-- [ RunTime:0.000419s ]
SQL: SHOW COLUMNS FROM `think_form` [ RunTime:0.002423s ]
SQL: SELECT * FROM `think_form` WHERE ( id=1 )  [ RunTime:0.000362s ]

[ 2015-09-10T11:00:12+08:00 ] 0.0.0.0 /robort/callme
INFO: [ route_check ] --START--
INFO: CheckRoute Behavior ::run [ RunTime:0.000378s ]
INFO: [ route_check ] --END-- [ RunTime:0.000429s ]
INFO: [ app_begin ] --START--
INFO: ReadHtmlCache Behavior ::run [ RunTime:0.000243s ]
INFO: [ app_begin ] --END-- [ RunTime:0.000275s ]
SQL: SHOW COLUMNS FROM `think_form` [ RunTime:0.002412s ]
SQL: SELECT * FROM `think_form` WHERE ( id=1 )  [ RunTime:0.000294s ]

[ 2015-09-10T11:00:15+08:00 ] 0.0.0.0 /robort/callme
INFO: [ route_check ] --START--
INFO: CheckRoute Behavior ::run [ RunTime:0.000380s ]
INFO: [ route_check ] --END-- [ RunTime:0.000435s ]
INFO: [ app_begin ] --START--
INFO: ReadHtmlCache Behavior ::run [ RunTime:0.000247s ]
INFO: [ app_begin ] --END-- [ RunTime:0.000281s ]
SQL: SHOW COLUMNS FROM `think_form` [ RunTime:0.005691s ]
SQL: SELECT * FROM `think_form` WHERE ( id=1 )  [ RunTime:0.000286s ]

[ 2015-09-10T11:01:04+08:00 ] 0.0.0.0 /robort/callme
INFO: [ route_check ] --START--
INFO: CheckRoute Behavior ::run [ RunTime:0.000377s ]
INFO: [ route_check ] --END-- [ RunTime:0.000430s ]
INFO: [ app_begin ] --START--
INFO: ReadHtmlCache Behavior ::run [ RunTime:0.000243s ]
INFO: [ app_begin ] --END-- [ RunTime:0.000276s ]
SQL: SHOW COLUMNS FROM `think_form` [ RunTime:0.002356s ]
SQL: SELECT * FROM `think_form` WHERE ( id=1 )  [ RunTime:0.000365s ]

[ 2015-09-10T11:01:08+08:00 ] 0.0.0.0 /robort/callme
INFO: [ route_check ] --START--
INFO: CheckRoute Behavior ::run [ RunTime:0.000393s ]
INFO: [ route_check ] --END-- [ RunTime:0.000446s ]
INFO: [ app_begin ] --START--
INFO: ReadHtmlCache Behavior ::run [ RunTime:0.000241s ]
INFO: [ app_begin ] --END-- [ RunTime:0.000274s ]
SQL: SHOW COLUMNS FROM `think_form` [ RunTime:0.005911s ]
SQL: SELECT * FROM `think_form` WHERE ( id=1 )  [ RunTime:0.000343s ]

[ 2015-09-10T11:02:31+08:00 ] 0.0.0.0 /robort/callme
INFO: [ route_check ] --START--
INFO: CheckRoute Behavior ::run [ RunTime:0.000388s ]
INFO: [ route_check ] --END-- [ RunTime:0.000440s ]
INFO: [ app_begin ] --START--
INFO: ReadHtmlCache Behavior ::run [ RunTime:0.000296s ]
INFO: [ app_begin ] --END-- [ RunTime:0.000340s ]
SQL: SHOW COLUMNS FROM `think_form` [ RunTime:0.005659s ]
SQL: SELECT * FROM `think_form` WHERE ( id=1 )  [ RunTime:0.000281s ]

[ 2015-09-10T11:02:32+08:00 ] 0.0.0.0 /robort/callme
INFO: [ route_check ] --START--
INFO: CheckRoute Behavior ::run [ RunTime:0.000398s ]
INFO: [ route_check ] --END-- [ RunTime:0.000453s ]
INFO: [ app_begin ] --START--
INFO: ReadHtmlCache Behavior ::run [ RunTime:0.000250s ]
INFO: [ app_begin ] --END-- [ RunTime:0.000284s ]
SQL: SHOW COLUMNS FROM `think_form` [ RunTime:0.005959s ]
SQL: SELECT * FROM `think_form` WHERE ( id=1 )  [ RunTime:0.000335s ]

[ 2015-09-10T11:03:08+08:00 ] 0.0.0.0 /robort/callme
INFO: [ route_check ] --START--
INFO: CheckRoute Behavior ::run [ RunTime:0.000652s ]
INFO: [ route_check ] --END-- [ RunTime:0.000736s ]
INFO: [ app_begin ] --START--
INFO: ReadHtmlCache Behavior ::run [ RunTime:0.000473s ]
INFO: [ app_begin ] --END-- [ RunTime:0.000557s ]
SQL: SHOW COLUMNS FROM `think_form` [ RunTime:0.002277s ]
SQL: SELECT * FROM `think_form` WHERE ( id=1 )  [ RunTime:0.000384s ]

[ 2015-09-10T11:03:24+08:00 ] 0.0.0.0 /robort/callme
INFO: [ route_check ] --START--
INFO: CheckRoute Behavior ::run [ RunTime:0.000382s ]
INFO: [ route_check ] --END-- [ RunTime:0.000433s ]
INFO: [ app_begin ] --START--
INFO: ReadHtmlCache Behavior ::run [ RunTime:0.000248s ]
INFO: [ app_begin ] --END-- [ RunTime:0.000282s ]
SQL: SHOW COLUMNS FROM `think_form` [ RunTime:0.005899s ]
SQL: SELECT * FROM `think_form` WHERE ( id=1 )  [ RunTime:0.000301s ]
NOTIC: [8] Array to string conversion /Users/wt/NetBeansProjects/webapp/WebApp/Lib/Action/robortAction.class.php 第 8 行.

[ 2015-09-10T11:03:59+08:00 ] 0.0.0.0 /robort/callme
INFO: [ route_check ] --START--
INFO: CheckRoute Behavior ::run [ RunTime:0.000354s ]
INFO: [ route_check ] --END-- [ RunTime:0.000406s ]
INFO: [ app_begin ] --START--
INFO: ReadHtmlCache Behavior ::run [ RunTime:0.000228s ]
INFO: [ app_begin ] --END-- [ RunTime:0.000259s ]
SQL: SHOW COLUMNS FROM `think_form` [ RunTime:0.002846s ]
SQL: SELECT * FROM `think_form` WHERE ( id=1 )  [ RunTime:0.000323s ]

[ 2015-09-10T11:04:19+08:00 ] 0.0.0.0 /robort/callme
INFO: [ route_check ] --START--
INFO: CheckRoute Behavior ::run [ RunTime:0.000381s ]
INFO: [ route_check ] --END-- [ RunTime:0.000435s ]
INFO: [ app_begin ] --START--
INFO: ReadHtmlCache Behavior ::run [ RunTime:0.000248s ]
INFO: [ app_begin ] --END-- [ RunTime:0.000284s ]
SQL: SHOW COLUMNS FROM `think_form` [ RunTime:0.003299s ]
SQL: SELECT * FROM `think_form` WHERE ( id=1 )  [ RunTime:0.000778s ]

[ 2015-09-10T11:08:38+08:00 ] 0.0.0.0 /robort/callme
INFO: [ route_check ] --START--
INFO: CheckRoute Behavior ::run [ RunTime:0.000416s ]
INFO: [ route_check ] --END-- [ RunTime:0.000470s ]
INFO: [ app_begin ] --START--
INFO: ReadHtmlCache Behavior ::run [ RunTime:0.000255s ]
INFO: [ app_begin ] --END-- [ RunTime:0.000290s ]
SQL: SHOW COLUMNS FROM `think_form` [ RunTime:0.006021s ]
SQL: SELECT * FROM `think_form` WHERE ( id=1 )  [ RunTime:0.000692s ]

[ 2015-09-10T11:13:55+08:00 ] 0.0.0.0 /robort/callme
INFO: [ route_check ] --START--
INFO: CheckRoute Behavior ::run [ RunTime:0.000411s ]
INFO: [ route_check ] --END-- [ RunTime:0.000462s ]
INFO: [ app_begin ] --START--
INFO: ReadHtmlCache Behavior ::run [ RunTime:0.000256s ]
INFO: [ app_begin ] --END-- [ RunTime:0.000292s ]
SQL: SHOW COLUMNS FROM `think_form` [ RunTime:0.006280s ]
SQL: SELECT * FROM `think_form` WHERE ( `content` = 'nfc' ) AND ( `id` = 4 )  [ RunTime:0.000395s ]

[ 2015-09-10T11:15:52+08:00 ] 0.0.0.0 /robort/callme
INFO: [ route_check ] --START--
INFO: CheckRoute Behavior ::run [ RunTime:0.000384s ]
INFO: [ route_check ] --END-- [ RunTime:0.000438s ]
INFO: [ app_begin ] --START--
INFO: ReadHtmlCache Behavior ::run [ RunTime:0.000247s ]
INFO: [ app_begin ] --END-- [ RunTime:0.000281s ]
SQL: SHOW COLUMNS FROM `think_form` [ RunTime:0.006617s ]
SQL: SELECT * FROM `think_form` WHERE ( `content` = 'nfc' ) AND ( `id` = 4 )  [ RunTime:0.000401s ]

[ 2015-09-10T11:15:53+08:00 ] 0.0.0.0 /robort/callme
INFO: [ route_check ] --START--
INFO: CheckRoute Behavior ::run [ RunTime:0.000397s ]
INFO: [ route_check ] --END-- [ RunTime:0.000455s ]
INFO: [ app_begin ] --START--
INFO: ReadHtmlCache Behavior ::run [ RunTime:0.000361s ]
INFO: [ app_begin ] --END-- [ RunTime:0.000408s ]
SQL: SHOW COLUMNS FROM `think_form` [ RunTime:0.005780s ]
SQL: SELECT * FROM `think_form` WHERE ( `content` = 'nfc' ) AND ( `id` = 4 )  [ RunTime:0.000391s ]

[ 2015-09-10T11:16:07+08:00 ] 0.0.0.0 /robort/callme
INFO: [ route_check ] --START--
INFO: CheckRoute Behavior ::run [ RunTime:0.000393s ]
INFO: [ route_check ] --END-- [ RunTime:0.000441s ]
INFO: [ app_begin ] --START--
INFO: ReadHtmlCache Behavior ::run [ RunTime:0.000251s ]
INFO: [ app_begin ] --END-- [ RunTime:0.000285s ]
SQL: SHOW COLUMNS FROM `think_form` [ RunTime:0.005845s ]
SQL: SELECT * FROM `think_form` WHERE ( `content` = 'nfc' ) AND ( `id` = 4 )  [ RunTime:0.000296s ]

[ 2015-09-10T11:16:10+08:00 ] 0.0.0.0 /robort/callme
INFO: [ route_check ] --START--
INFO: CheckRoute Behavior ::run [ RunTime:0.000384s ]
INFO: [ route_check ] --END-- [ RunTime:0.000436s ]
INFO: [ app_begin ] --START--
INFO: ReadHtmlCache Behavior ::run [ RunTime:0.000247s ]
INFO: [ app_begin ] --END-- [ RunTime:0.000281s ]
SQL: SHOW COLUMNS FROM `think_form` [ RunTime:0.006068s ]
SQL: SELECT * FROM `think_form` WHERE ( `content` = 'nfc' ) AND ( `id` = 4 )  [ RunTime:0.000317s ]

[ 2015-09-10T11:16:44+08:00 ] 0.0.0.0 /robort/callme
INFO: [ route_check ] --START--
INFO: CheckRoute Behavior ::run [ RunTime:0.000381s ]
INFO: [ route_check ] --END-- [ RunTime:0.000434s ]
INFO: [ app_begin ] --START--
INFO: ReadHtmlCache Behavior ::run [ RunTime:0.000250s ]
INFO: [ app_begin ] --END-- [ RunTime:0.000284s ]
SQL: SHOW COLUMNS FROM `think_form` [ RunTime:0.006582s ]
SQL: SELECT * FROM `think_form` WHERE ( `content` = 'nfc' ) AND ( `id` = 4 )  [ RunTime:0.000301s ]
NOTIC: [8] Undefined offset: 1 /Users/wt/NetBeansProjects/webapp/WebApp/Lib/Action/robortAction.class.php 第 16 行.

[ 2015-09-10T11:16:45+08:00 ] 0.0.0.0 /robort/callme
INFO: [ route_check ] --START--
INFO: CheckRoute Behavior ::run [ RunTime:0.000380s ]
INFO: [ route_check ] --END-- [ RunTime:0.000430s ]
INFO: [ app_begin ] --START--
INFO: ReadHtmlCache Behavior ::run [ RunTime:0.000288s ]
INFO: [ app_begin ] --END-- [ RunTime:0.000339s ]
SQL: SHOW COLUMNS FROM `think_form` [ RunTime:0.005959s ]
SQL: SELECT * FROM `think_form` WHERE ( `content` = 'nfc' ) AND ( `id` = 4 )  [ RunTime:0.000391s ]
NOTIC: [8] Undefined offset: 1 /Users/wt/NetBeansProjects/webapp/WebApp/Lib/Action/robortAction.class.php 第 16 行.

[ 2015-09-10T11:17:21+08:00 ] 0.0.0.0 /robort/callme
INFO: [ route_check ] --START--
INFO: CheckRoute Behavior ::run [ RunTime:0.000378s ]
INFO: [ route_check ] --END-- [ RunTime:0.000429s ]
INFO: [ app_begin ] --START--
INFO: ReadHtmlCache Behavior ::run [ RunTime:0.000247s ]
INFO: [ app_begin ] --END-- [ RunTime:0.000281s ]
SQL: SHOW COLUMNS FROM `think_form` [ RunTime:0.005625s ]
SQL: SELECT * FROM `think_form` WHERE ( `content` = 'nfc' ) AND ( `id` = 4 )  [ RunTime:0.000388s ]
NOTIC: [8] Undefined offset: 1 /Users/wt/NetBeansProjects/webapp/WebApp/Lib/Action/robortAction.class.php 第 16 行.

[ 2015-09-10T11:17:22+08:00 ] 0.0.0.0 /robort/callme
INFO: [ route_check ] --START--
INFO: CheckRoute Behavior ::run [ RunTime:0.000430s ]
INFO: [ route_check ] --END-- [ RunTime:0.000494s ]
INFO: [ app_begin ] --START--
INFO: ReadHtmlCache Behavior ::run [ RunTime:0.000249s ]
INFO: [ app_begin ] --END-- [ RunTime:0.000283s ]
SQL: SHOW COLUMNS FROM `think_form` [ RunTime:0.015801s ]
SQL: SELECT * FROM `think_form` WHERE ( `content` = 'nfc' ) AND ( `id` = 4 )  [ RunTime:0.000353s ]
NOTIC: [8] Undefined offset: 1 /Users/wt/NetBeansProjects/webapp/WebApp/Lib/Action/robortAction.class.php 第 16 行.

[ 2015-09-10T11:17:34+08:00 ] 0.0.0.0 /robort/callme
INFO: [ route_check ] --START--
INFO: CheckRoute Behavior ::run [ RunTime:0.000378s ]
INFO: [ route_check ] --END-- [ RunTime:0.000428s ]
INFO: [ app_begin ] --START--
INFO: ReadHtmlCache Behavior ::run [ RunTime:0.000248s ]
INFO: [ app_begin ] --END-- [ RunTime:0.000282s ]
SQL: SHOW COLUMNS FROM `think_form` [ RunTime:0.006172s ]
SQL: SELECT * FROM `think_form` WHERE ( `content` = 'nfc' ) AND ( `id` = 4 )  [ RunTime:0.000341s ]
NOTIC: [8] Undefined offset: 1 /Users/wt/NetBeansProjects/webapp/WebApp/Lib/Action/robortAction.class.php 第 16 行.

[ 2015-09-10T11:17:35+08:00 ] 0.0.0.0 /robort/callme
INFO: [ route_check ] --START--
INFO: CheckRoute Behavior ::run [ RunTime:0.000378s ]
INFO: [ route_check ] --END-- [ RunTime:0.000429s ]
INFO: [ app_begin ] --START--
INFO: ReadHtmlCache Behavior ::run [ RunTime:0.000249s ]
INFO: [ app_begin ] --END-- [ RunTime:0.000283s ]
SQL: SHOW COLUMNS FROM `think_form` [ RunTime:0.005862s ]
SQL: SELECT * FROM `think_form` WHERE ( `content` = 'nfc' ) AND ( `id` = 4 )  [ RunTime:0.000331s ]
NOTIC: [8] Undefined offset: 1 /Users/wt/NetBeansProjects/webapp/WebApp/Lib/Action/robortAction.class.php 第 16 行.

[ 2015-09-10T11:28:50+08:00 ] 0.0.0.0 /robort/callme
INFO: [ route_check ] --START--
INFO: CheckRoute Behavior ::run [ RunTime:0.000380s ]
INFO: [ route_check ] --END-- [ RunTime:0.000430s ]
INFO: [ app_begin ] --START--
INFO: ReadHtmlCache Behavior ::run [ RunTime:0.000258s ]
INFO: [ app_begin ] --END-- [ RunTime:0.000293s ]
SQL: SHOW COLUMNS FROM `think_form` [ RunTime:0.005728s ]
SQL: SELECT * FROM `think_form` WHERE ( `content` = 'nfc' ) AND ( `id` = 4 )  [ RunTime:0.000301s ]

[ 2015-09-10T11:28:51+08:00 ] 0.0.0.0 /robort/callme
INFO: [ route_check ] --START--
INFO: CheckRoute Behavior ::run [ RunTime:0.000382s ]
INFO: [ route_check ] --END-- [ RunTime:0.000435s ]
INFO: [ app_begin ] --START--
INFO: ReadHtmlCache Behavior ::run [ RunTime:0.000250s ]
INFO: [ app_begin ] --END-- [ RunTime:0.000284s ]
SQL: SHOW COLUMNS FROM `think_form` [ RunTime:0.005939s ]
SQL: SELECT * FROM `think_form` WHERE ( `content` = 'nfc' ) AND ( `id` = 4 )  [ RunTime:0.000372s ]

[ 2015-09-10T11:29:22+08:00 ] 0.0.0.0 /robort/callme
INFO: [ route_check ] --START--
INFO: CheckRoute Behavior ::run [ RunTime:0.000416s ]
INFO: [ route_check ] --END-- [ RunTime:0.000489s ]
INFO: [ app_begin ] --START--
INFO: ReadHtmlCache Behavior ::run [ RunTime:0.000349s ]
INFO: [ app_begin ] --END-- [ RunTime:0.000386s ]
SQL: SHOW COLUMNS FROM `think_form` [ RunTime:0.006030s ]
SQL: SELECT * FROM `think_form` WHERE ( `content` = 'nfc' ) AND ( `id` = 4 )  [ RunTime:0.000362s ]
NOTIC: [8] Undefined offset: 0 /Users/wt/NetBeansProjects/webapp/WebApp/Lib/Action/robortAction.class.php 第 16 行.

[ 2015-09-10T11:29:32+08:00 ] 0.0.0.0 /robort/callme
INFO: [ route_check ] --START--
INFO: CheckRoute Behavior ::run [ RunTime:0.000387s ]
INFO: [ route_check ] --END-- [ RunTime:0.000440s ]
INFO: [ app_begin ] --START--
INFO: ReadHtmlCache Behavior ::run [ RunTime:0.000248s ]
INFO: [ app_begin ] --END-- [ RunTime:0.000280s ]
SQL: SHOW COLUMNS FROM `think_form` [ RunTime:0.006034s ]
SQL: SELECT * FROM `think_form` WHERE ( `content` = 'nfc' ) AND ( `id` = 4 )  [ RunTime:0.000299s ]

[ 2015-09-10T11:29:55+08:00 ] 0.0.0.0 /robort/callme
INFO: [ route_check ] --START--
INFO: CheckRoute Behavior ::run [ RunTime:0.000382s ]
INFO: [ route_check ] --END-- [ RunTime:0.000434s ]
INFO: [ app_begin ] --START--
INFO: ReadHtmlCache Behavior ::run [ RunTime:0.000249s ]
INFO: [ app_begin ] --END-- [ RunTime:0.000283s ]
SQL: SHOW COLUMNS FROM `think_form` [ RunTime:0.006369s ]
SQL: SELECT * FROM `think_form` WHERE ( `content` = 'nfc' ) AND ( `id` = 4 )  [ RunTime:0.000310s ]

[ 2015-09-10T11:33:38+08:00 ] 0.0.0.0 /robort/callme
INFO: [ route_check ] --START--
INFO: CheckRoute Behavior ::run [ RunTime:0.000399s ]
INFO: [ route_check ] --END-- [ RunTime:0.000458s ]
INFO: [ app_begin ] --START--
INFO: ReadHtmlCache Behavior ::run [ RunTime:0.000257s ]
INFO: [ app_begin ] --END-- [ RunTime:0.000290s ]
SQL: SHOW COLUMNS FROM `think_form` [ RunTime:0.005778s ]
SQL: SELECT * FROM `think_form` WHERE ( `content` = 'nfc' ) OR ( `id` = 4 )  [ RunTime:0.000440s ]

[ 2015-09-10T11:33:39+08:00 ] 0.0.0.0 /robort/callme
INFO: [ route_check ] --START--
INFO: CheckRoute Behavior ::run [ RunTime:0.000381s ]
INFO: [ route_check ] --END-- [ RunTime:0.000432s ]
INFO: [ app_begin ] --START--
INFO: ReadHtmlCache Behavior ::run [ RunTime:0.000247s ]
INFO: [ app_begin ] --END-- [ RunTime:0.000280s ]
SQL: SHOW COLUMNS FROM `think_form` [ RunTime:0.005719s ]
SQL: SELECT * FROM `think_form` WHERE ( `content` = 'nfc' ) OR ( `id` = 4 )  [ RunTime:0.000349s ]

[ 2015-09-10T11:33:39+08:00 ] 0.0.0.0 /robort/callme
INFO: [ route_check ] --START--
INFO: CheckRoute Behavior ::run [ RunTime:0.000381s ]
INFO: [ route_check ] --END-- [ RunTime:0.000433s ]
INFO: [ app_begin ] --START--
INFO: ReadHtmlCache Behavior ::run [ RunTime:0.000247s ]
INFO: [ app_begin ] --END-- [ RunTime:0.000280s ]
SQL: SHOW COLUMNS FROM `think_form` [ RunTime:0.005882s ]
SQL: SELECT * FROM `think_form` WHERE ( `content` = 'nfc' ) OR ( `id` = 4 )  [ RunTime:0.000394s ]

[ 2015-09-10T11:33:40+08:00 ] 0.0.0.0 /robort/callme
INFO: [ route_check ] --START--
INFO: CheckRoute Behavior ::run [ RunTime:0.000412s ]
INFO: [ route_check ] --END-- [ RunTime:0.000472s ]
INFO: [ app_begin ] --START--
INFO: ReadHtmlCache Behavior ::run [ RunTime:0.000289s ]
INFO: [ app_begin ] --END-- [ RunTime:0.000325s ]
SQL: SHOW COLUMNS FROM `think_form` [ RunTime:0.002347s ]
SQL: SELECT * FROM `think_form` WHERE ( `content` = 'nfc' ) OR ( `id` = 4 )  [ RunTime:0.000420s ]

[ 2015-09-10T11:33:40+08:00 ] 0.0.0.0 /robort/callme
INFO: [ route_check ] --START--
INFO: CheckRoute Behavior ::run [ RunTime:0.000378s ]
INFO: [ route_check ] --END-- [ RunTime:0.000429s ]
INFO: [ app_begin ] --START--
INFO: ReadHtmlCache Behavior ::run [ RunTime:0.000261s ]
INFO: [ app_begin ] --END-- [ RunTime:0.000302s ]
SQL: SHOW COLUMNS FROM `think_form` [ RunTime:0.002231s ]
SQL: SELECT * FROM `think_form` WHERE ( `content` = 'nfc' ) OR ( `id` = 4 )  [ RunTime:0.000306s ]

[ 2015-09-10T11:34:08+08:00 ] 0.0.0.0 /robort/callme
INFO: [ route_check ] --START--
INFO: CheckRoute Behavior ::run [ RunTime:0.000393s ]
INFO: [ route_check ] --END-- [ RunTime:0.000450s ]
INFO: [ app_begin ] --START--
INFO: ReadHtmlCache Behavior ::run [ RunTime:0.000254s ]
INFO: [ app_begin ] --END-- [ RunTime:0.000288s ]
SQL: SHOW COLUMNS FROM `think_form` [ RunTime:0.003237s ]
SQL: SELECT * FROM `think_form` WHERE ( `content` = 'nfc' ) OR ( `id` = 4 )  [ RunTime:0.000398s ]

[ 2015-09-10T11:34:21+08:00 ] 0.0.0.0 /robort/callme
INFO: [ route_check ] --START--
INFO: CheckRoute Behavior ::run [ RunTime:0.000377s ]
INFO: [ route_check ] --END-- [ RunTime:0.000427s ]
INFO: [ app_begin ] --START--
INFO: ReadHtmlCache Behavior ::run [ RunTime:0.000310s ]
INFO: [ app_begin ] --END-- [ RunTime:0.000349s ]
SQL: SHOW COLUMNS FROM `think_form` [ RunTime:0.003031s ]
SQL: SELECT * FROM `think_form` WHERE ( `content` = 'nfc' ) OR ( `id` = 3 )  [ RunTime:0.001154s ]

[ 2015-09-10T11:34:52+08:00 ] 0.0.0.0 /robort/callme
INFO: [ route_check ] --START--
INFO: CheckRoute Behavior ::run [ RunTime:0.000529s ]
INFO: [ route_check ] --END-- [ RunTime:0.000585s ]
INFO: [ app_begin ] --START--
INFO: ReadHtmlCache Behavior ::run [ RunTime:0.000249s ]
INFO: [ app_begin ] --END-- [ RunTime:0.000283s ]
SQL: SHOW COLUMNS FROM `think_form` [ RunTime:0.006095s ]
SQL: SELECT * FROM `think_form` WHERE ( `content` = 'nfc' ) OR ( `id` = 3 )  [ RunTime:0.000370s ]

[ 2015-09-10T11:35:19+08:00 ] 0.0.0.0 /robort/callme
INFO: [ route_check ] --START--
INFO: CheckRoute Behavior ::run [ RunTime:0.000383s ]
INFO: [ route_check ] --END-- [ RunTime:0.000434s ]
INFO: [ app_begin ] --START--
INFO: ReadHtmlCache Behavior ::run [ RunTime:0.000248s ]
INFO: [ app_begin ] --END-- [ RunTime:0.000282s ]
SQL: SHOW COLUMNS FROM `think_form` [ RunTime:0.002985s ]
SQL: SELECT * FROM `think_form` WHERE ( `content` = 'nfc' ) OR ( `id` = 3 )  [ RunTime:0.000462s ]

[ 2015-09-10T11:35:28+08:00 ] 0.0.0.0 /robort/callme
INFO: [ route_check ] --START--
INFO: CheckRoute Behavior ::run [ RunTime:0.000361s ]
INFO: [ route_check ] --END-- [ RunTime:0.000416s ]
INFO: [ app_begin ] --START--
INFO: ReadHtmlCache Behavior ::run [ RunTime:0.000233s ]
INFO: [ app_begin ] --END-- [ RunTime:0.000265s ]
SQL: SHOW COLUMNS FROM `think_form` [ RunTime:0.005906s ]
SQL: SELECT * FROM `think_form` WHERE ( `content` = 'nfc' ) OR ( `id` = 3 )  [ RunTime:0.000492s ]

[ 2015-09-10T11:38:36+08:00 ] 0.0.0.0 /robort/callme
INFO: [ route_check ] --START--
INFO: CheckRoute Behavior ::run [ RunTime:0.000438s ]
INFO: [ route_check ] --END-- [ RunTime:0.000496s ]
INFO: [ app_begin ] --START--
INFO: ReadHtmlCache Behavior ::run [ RunTime:0.000251s ]
INFO: [ app_begin ] --END-- [ RunTime:0.000284s ]
SQL: SHOW COLUMNS FROM `think_form` [ RunTime:0.005726s ]
SQL: SELECT * FROM `think_form` WHERE ( `title` = 'title3' )  [ RunTime:0.000371s ]

[ 2015-09-10T11:42:36+08:00 ] 0.0.0.0 /robort/callme
INFO: [ route_check ] --START--
INFO: CheckRoute Behavior ::run [ RunTime:0.000413s ]
INFO: [ route_check ] --END-- [ RunTime:0.000476s ]
INFO: [ app_begin ] --START--
INFO: ReadHtmlCache Behavior ::run [ RunTime:0.000255s ]
INFO: [ app_begin ] --END-- [ RunTime:0.000287s ]
SQL: SHOW COLUMNS FROM `think_form` [ RunTime:0.005645s ]
SQL: SELECT * FROM `think_form` WHERE ( `title` = 'title3' )  [ RunTime:0.000328s ]

[ 2015-09-10T11:51:46+08:00 ] 0.0.0.0 /robort/callme
INFO: [ route_check ] --START--
INFO: CheckRoute Behavior ::run [ RunTime:0.000453s ]
INFO: [ route_check ] --END-- [ RunTime:0.000507s ]
INFO: [ app_begin ] --START--
INFO: ReadHtmlCache Behavior ::run [ RunTime:0.000267s ]
INFO: [ app_begin ] --END-- [ RunTime:0.000303s ]
SQL: SHOW COLUMNS FROM `think_form` [ RunTime:0.002411s ]
SQL: SELECT * FROM `think_form` WHERE ( `id` >= 2 )  [ RunTime:0.000419s ]

[ 2015-09-10T11:51:58+08:00 ] 0.0.0.0 /robort/callme
INFO: [ route_check ] --START--
INFO: CheckRoute Behavior ::run [ RunTime:0.000382s ]
INFO: [ route_check ] --END-- [ RunTime:0.000435s ]
INFO: [ app_begin ] --START--
INFO: ReadHtmlCache Behavior ::run [ RunTime:0.000371s ]
INFO: [ app_begin ] --END-- [ RunTime:0.000407s ]
SQL: SHOW COLUMNS FROM `think_form` [ RunTime:0.002224s ]
SQL: SELECT * FROM `think_form` WHERE ( `id` >= 3 )  [ RunTime:0.000370s ]

[ 2015-09-10T11:55:20+08:00 ] 0.0.0.0 /robort/callme
INFO: [ route_check ] --START--
INFO: CheckRoute Behavior ::run [ RunTime:0.000396s ]
INFO: [ route_check ] --END-- [ RunTime:0.000452s ]
INFO: [ app_begin ] --START--
INFO: ReadHtmlCache Behavior ::run [ RunTime:0.000254s ]
INFO: [ app_begin ] --END-- [ RunTime:0.000293s ]
SQL: Select * from think_form [ RunTime:0.000236s ]

[ 2015-09-10T11:56:55+08:00 ] 0.0.0.0 /robort/callme
INFO: [ route_check ] --START--
INFO: CheckRoute Behavior ::run [ RunTime:0.000607s ]
INFO: [ route_check ] --END-- [ RunTime:0.000692s ]
INFO: [ app_begin ] --START--
INFO: ReadHtmlCache Behavior ::run [ RunTime:0.000419s ]
INFO: [ app_begin ] --END-- [ RunTime:0.000478s ]
SQL: Select * from think_form [ RunTime:0.000286s ]

[ 2015-09-10T11:57:08+08:00 ] 0.0.0.0 /robort/callme
INFO: [ route_check ] --START--
INFO: CheckRoute Behavior ::run [ RunTime:0.000454s ]
INFO: [ route_check ] --END-- [ RunTime:0.000532s ]
INFO: [ app_begin ] --START--
INFO: ReadHtmlCache Behavior ::run [ RunTime:0.000295s ]
INFO: [ app_begin ] --END-- [ RunTime:0.000338s ]
SQL: Select * from think_form [ RunTime:0.000290s ]

[ 2015-09-10T11:57:22+08:00 ] 0.0.0.0 /robort/callme
INFO: [ route_check ] --START--
INFO: CheckRoute Behavior ::run [ RunTime:0.000386s ]
INFO: [ route_check ] --END-- [ RunTime:0.000437s ]
INFO: [ app_begin ] --START--
INFO: ReadHtmlCache Behavior ::run [ RunTime:0.000251s ]
INFO: [ app_begin ] --END-- [ RunTime:0.000286s ]
SQL: Select * from think_form [ RunTime:0.000275s ]

