[ 2015-09-07T14:28:19+08:00 ] 0.0.0.0 /
INFO: [ app_begin ] --START--
INFO: ReadHtmlCache Behavior ::run [ RunTime:0.000722s ]
INFO: [ app_begin ] --END-- [ RunTime:0.000946s ]
INFO: [ view_parse ] --START--
INFO: ParseTemplate Behavior ::run [ RunTime:0.009801s ]
INFO: [ view_parse ] --END-- [ RunTime:0.009916s ]
INFO: [ view_filter ] --START--
NOTIC: [8] Use of undefined constant APP_TMPL_PATH - assumed 'APP_TMPL_PATH' /Users/wt/NetBeansProjects/webapp/ThinkPHP/Lib/Behavior/ContentReplaceBehavior.class.php 第 40 行.
NOTIC: [8] Use of undefined constant APP_TMPL_PATH - assumed 'APP_TMPL_PATH' /Users/wt/NetBeansProjects/webapp/ThinkPHP/Lib/Behavior/ContentReplaceBehavior.class.php 第 47 行.
INFO: ContentReplace Behavior ::run [ RunTime:0.000814s ]
INFO: TokenBuild Behavior ::run [ RunTime:0.000568s ]
INFO: WriteHtmlCache Behavior ::run [ RunTime:0.000673s ]
INFO: ShowRuntime Behavior ::run [ RunTime:0.000673s ]
INFO: [ view_filter ] --END-- [ RunTime:0.002919s ]
INFO: [ view_end ] --START--
INFO: ShowPageTrace Behavior ::run [ RunTime:0.000698s ]
INFO: [ view_end ] --END-- [ RunTime:0.000776s ]
NOTIC: [2] mysql_connect(): No such file or directory /Users/wt/NetBeansProjects/webapp/ThinkPHP/Lib/Driver/Db/DbMysql.class.php 第 55 行.
ERR: No such file or directory

[ 2015-09-07T14:29:36+08:00 ] 0.0.0.0 /
INFO: [ app_begin ] --START--
INFO: ReadHtmlCache Behavior ::run [ RunTime:0.000261s ]
INFO: [ app_begin ] --END-- [ RunTime:0.000314s ]
INFO: [ view_parse ] --START--
INFO: ParseTemplate Behavior ::run [ RunTime:0.000353s ]
INFO: [ view_parse ] --END-- [ RunTime:0.000395s ]
INFO: [ view_filter ] --START--
NOTIC: [8] Use of undefined constant APP_TMPL_PATH - assumed 'APP_TMPL_PATH' /Users/wt/NetBeansProjects/webapp/ThinkPHP/Lib/Behavior/ContentReplaceBehavior.class.php 第 40 行.
NOTIC: [8] Use of undefined constant APP_TMPL_PATH - assumed 'APP_TMPL_PATH' /Users/wt/NetBeansProjects/webapp/ThinkPHP/Lib/Behavior/ContentReplaceBehavior.class.php 第 47 行.
INFO: ContentReplace Behavior ::run [ RunTime:0.000177s ]
INFO: TokenBuild Behavior ::run [ RunTime:0.000191s ]
INFO: WriteHtmlCache Behavior ::run [ RunTime:0.000102s ]
INFO: ShowRuntime Behavior ::run [ RunTime:0.000199s ]
INFO: [ view_filter ] --END-- [ RunTime:0.000764s ]
INFO: [ view_end ] --START--
INFO: ShowPageTrace Behavior ::run [ RunTime:0.000457s ]
INFO: [ view_end ] --END-- [ RunTime:0.000500s ]
NOTIC: [2] mysql_connect(): No such file or directory /Users/wt/NetBeansProjects/webapp/ThinkPHP/Lib/Driver/Db/DbMysql.class.php 第 55 行.
ERR: No such file or directory

[ 2015-09-07T14:30:03+08:00 ] 0.0.0.0 /
INFO: [ app_begin ] --START--
INFO: ReadHtmlCache Behavior ::run [ RunTime:0.000361s ]
INFO: [ app_begin ] --END-- [ RunTime:0.000418s ]
NOTIC: [2] mysql_connect(): No such file or directory /Users/wt/NetBeansProjects/webapp/ThinkPHP/Lib/Driver/Db/DbMysql.class.php 第 55 行.
ERR: No such file or directory

[ 2015-09-07T14:45:24+08:00 ] 0.0.0.0 /
INFO: [ app_begin ] --START--
INFO: ReadHtmlCache Behavior ::run [ RunTime:0.013636s ]
INFO: [ app_begin ] --END-- [ RunTime:0.013715s ]
NOTIC: [2] mysql_connect(): No such file or directory /Users/wt/NetBeansProjects/webapp/ThinkPHP/Lib/Driver/Db/DbMysql.class.php 第 55 行.
ERR: No such file or directory

[ 2015-09-07T14:47:24+08:00 ] 0.0.0.0 /
INFO: [ app_begin ] --START--
INFO: ReadHtmlCache Behavior ::run [ RunTime:0.000776s ]
INFO: [ app_begin ] --END-- [ RunTime:0.000845s ]
NOTIC: [2] mysql_connect(): No such file or directory /Users/wt/NetBeansProjects/webapp/ThinkPHP/Lib/Driver/Db/DbMysql.class.php 第 55 行.
ERR: No such file or directory

[ 2015-09-07T14:47:50+08:00 ] 0.0.0.0 /
INFO: [ app_begin ] --START--
INFO: ReadHtmlCache Behavior ::run [ RunTime:0.000242s ]
INFO: [ app_begin ] --END-- [ RunTime:0.000291s ]
NOTIC: [2] mysql_connect(): No such file or directory /Users/wt/NetBeansProjects/webapp/ThinkPHP/Lib/Driver/Db/DbMysql.class.php 第 55 行.
ERR: No such file or directory

[ 2015-09-07T14:50:13+08:00 ] 0.0.0.0 /
INFO: [ app_begin ] --START--
INFO: ReadHtmlCache Behavior ::run [ RunTime:0.000787s ]
INFO: [ app_begin ] --END-- [ RunTime:0.000901s ]

[ 2015-09-07T14:50:17+08:00 ] 0.0.0.0 /
INFO: [ app_begin ] --START--
INFO: ReadHtmlCache Behavior ::run [ RunTime:0.000256s ]
INFO: [ app_begin ] --END-- [ RunTime:0.000306s ]

[ 2015-09-07T14:50:19+08:00 ] 0.0.0.0 /
INFO: [ app_begin ] --START--
INFO: ReadHtmlCache Behavior ::run [ RunTime:0.000255s ]
INFO: [ app_begin ] --END-- [ RunTime:0.000304s ]

[ 2015-09-07T15:20:22+08:00 ] 0.0.0.0 /
INFO: [ app_begin ] --START--
INFO: ReadHtmlCache Behavior ::run [ RunTime:0.000595s ]
INFO: [ app_begin ] --END-- [ RunTime:0.000653s ]
INFO: [ view_parse ] --START--
INFO: ParseTemplate Behavior ::run [ RunTime:0.074373s ]
INFO: [ view_parse ] --END-- [ RunTime:0.074458s ]
INFO: [ view_filter ] --START--
INFO: ContentReplace Behavior ::run [ RunTime:0.000500s ]
INFO: TokenBuild Behavior ::run [ RunTime:0.000848s ]
INFO: WriteHtmlCache Behavior ::run [ RunTime:0.000487s ]
INFO: ShowRuntime Behavior ::run [ RunTime:0.000499s ]
INFO: [ view_filter ] --END-- [ RunTime:0.002483s ]
INFO: [ view_end ] --START--
INFO: ShowPageTrace Behavior ::run [ RunTime:0.000738s ]
INFO: [ view_end ] --END-- [ RunTime:0.000804s ]

[ 2015-09-07T15:20:34+08:00 ] 0.0.0.0 /
INFO: [ app_begin ] --START--
INFO: ReadHtmlCache Behavior ::run [ RunTime:0.000261s ]
INFO: [ app_begin ] --END-- [ RunTime:0.000313s ]
INFO: [ view_parse ] --START--
INFO: ParseTemplate Behavior ::run [ RunTime:0.004547s ]
INFO: [ view_parse ] --END-- [ RunTime:0.004622s ]
INFO: [ view_filter ] --START--
INFO: ContentReplace Behavior ::run [ RunTime:0.000216s ]
INFO: TokenBuild Behavior ::run [ RunTime:0.000170s ]
INFO: WriteHtmlCache Behavior ::run [ RunTime:0.000106s ]
INFO: ShowRuntime Behavior ::run [ RunTime:0.000209s ]
INFO: [ view_filter ] --END-- [ RunTime:0.000806s ]
INFO: [ view_end ] --START--
INFO: ShowPageTrace Behavior ::run [ RunTime:0.000449s ]
INFO: [ view_end ] --END-- [ RunTime:0.000501s ]

[ 2015-09-07T15:29:40+08:00 ] 0.0.0.0 /
INFO: [ app_begin ] --START--
INFO: ReadHtmlCache Behavior ::run [ RunTime:0.000490s ]
INFO: [ app_begin ] --END-- [ RunTime:0.000581s ]
NOTIC: [2] mysql_connect(): No such file or directory /Users/wt/NetBeansProjects/webapp/ThinkPHP/Lib/Driver/Db/DbMysql.class.php 第 55 行.
ERR: No such file or directory

[ 2015-09-07T15:31:40+08:00 ] 0.0.0.0 /
INFO: [ app_begin ] --START--
INFO: ReadHtmlCache Behavior ::run [ RunTime:0.000233s ]
INFO: [ app_begin ] --END-- [ RunTime:0.000281s ]
NOTIC: [2] mysql_connect(): No such file or directory /Users/wt/NetBeansProjects/webapp/ThinkPHP/Lib/Driver/Db/DbMysql.class.php 第 55 行.
ERR: No such file or directory

[ 2015-09-07T15:33:01+08:00 ] 0.0.0.0 /
INFO: [ app_begin ] --START--
INFO: ReadHtmlCache Behavior ::run [ RunTime:0.000380s ]
INFO: [ app_begin ] --END-- [ RunTime:0.000455s ]
SQL: SHOW COLUMNS FROM `think_data` [ RunTime:0.002270s ]
SQL: SELECT * FROM `think_data`  [ RunTime:0.029102s ]
INFO: [ view_parse ] --START--
INFO: ParseTemplate Behavior ::run [ RunTime:0.047423s ]
INFO: [ view_parse ] --END-- [ RunTime:0.047533s ]
INFO: [ view_filter ] --START--
INFO: ContentReplace Behavior ::run [ RunTime:0.000862s ]
INFO: TokenBuild Behavior ::run [ RunTime:0.000692s ]
INFO: WriteHtmlCache Behavior ::run [ RunTime:0.000423s ]
INFO: ShowRuntime Behavior ::run [ RunTime:0.000551s ]
INFO: [ view_filter ] --END-- [ RunTime:0.002719s ]
INFO: [ view_end ] --START--
INFO: ShowPageTrace Behavior ::run [ RunTime:0.000950s ]
INFO: [ view_end ] --END-- [ RunTime:0.001015s ]

