[ 2015-09-10T16:52:47+08:00 ] 0.0.0.0 /index.php/robort/request
INFO: [ route_check ] --START--
INFO: CheckRoute Behavior ::run [ RunTime:0.000397s ]
INFO: [ route_check ] --END-- [ RunTime:0.000452s ]
INFO: [ app_begin ] --START--
INFO: ReadHtmlCache Behavior ::run [ RunTime:0.000250s ]
INFO: [ app_begin ] --END-- [ RunTime:0.000283s ]
NOTIC: 建议使用I方法替代_post

[ 2015-09-10T16:52:51+08:00 ] 0.0.0.0 /robort/entry
INFO: [ route_check ] --START--
INFO: CheckRoute Behavior ::run [ RunTime:0.000587s ]
INFO: [ route_check ] --END-- [ RunTime:0.000662s ]
INFO: [ app_begin ] --START--
INFO: ReadHtmlCache Behavior ::run [ RunTime:0.000367s ]
INFO: [ app_begin ] --END-- [ RunTime:0.000417s ]
NOTIC: [8] Constant THEME_NAME already defined /Users/wt/NetBeansProjects/webapp/ThinkPHP/Lib/Core/View.class.php 第 223 行.
NOTIC: [8] Constant THEME_PATH already defined /Users/wt/NetBeansProjects/webapp/ThinkPHP/Lib/Core/View.class.php 第 174 行.
NOTIC: [8] Constant APP_TMPL_PATH already defined /Users/wt/NetBeansProjects/webapp/ThinkPHP/Lib/Core/View.class.php 第 175 行.
INFO: [ view_parse ] --START--
INFO: ParseTemplate Behavior ::run [ RunTime:0.005737s ]
INFO: [ view_parse ] --END-- [ RunTime:0.005825s ]
INFO: [ view_filter ] --START--
INFO: ContentReplace Behavior ::run [ RunTime:0.000316s ]
INFO: TokenBuild Behavior ::run [ RunTime:0.000276s ]
INFO: WriteHtmlCache Behavior ::run [ RunTime:0.000163s ]
INFO: ShowRuntime Behavior ::run [ RunTime:0.000330s ]
INFO: [ view_filter ] --END-- [ RunTime:0.001247s ]
INFO: [ view_end ] --START--
INFO: ShowPageTrace Behavior ::run [ RunTime:0.000505s ]
INFO: [ view_end ] --END-- [ RunTime:0.000559s ]

[ 2015-09-10T16:52:58+08:00 ] 0.0.0.0 /index.php/robort/request
INFO: [ route_check ] --START--
INFO: CheckRoute Behavior ::run [ RunTime:0.000647s ]
INFO: [ route_check ] --END-- [ RunTime:0.000735s ]
INFO: [ app_begin ] --START--
INFO: ReadHtmlCache Behavior ::run [ RunTime:0.000307s ]
INFO: [ app_begin ] --END-- [ RunTime:0.000344s ]
NOTIC: 建议使用I方法替代_post

[ 2015-09-10T16:53:04+08:00 ] 0.0.0.0 /index.php/robort/request
INFO: [ route_check ] --START--
INFO: CheckRoute Behavior ::run [ RunTime:0.000383s ]
INFO: [ route_check ] --END-- [ RunTime:0.000446s ]
INFO: [ app_begin ] --START--
INFO: ReadHtmlCache Behavior ::run [ RunTime:0.000274s ]
INFO: [ app_begin ] --END-- [ RunTime:0.000323s ]
NOTIC: 建议使用I方法替代_post

[ 2015-09-10T17:22:31+08:00 ] 0.0.0.0 /index.php/robort/request
NOTIC: 建议使用I方法替代_post

[ 2015-09-10T17:22:35+08:00 ] 0.0.0.0 /index.php/robort/request
NOTIC: 建议使用I方法替代_post

